Performing C++ SOURCE FILE Test _OPENTHREADS_ATOMIC_USE_MIPOSPRO_BUILTINS failed with the following output:
Change Dir: /WorkSpace/osg-ios/OpenSceneGraph/build/CMakeFiles/CMakeTmp

Run Build Command:"/usr/bin/xcodebuild" "-project" "CMAKE_TRY_COMPILE.xcodeproj" "build" "-target" "cmTC_2c856" "-configuration" "Debug"
=== BUILD TARGET cmTC_2c856 OF PROJECT CMAKE_TRY_COMPILE WITH CONFIGURATION Debug ===

Check dependencies
2018-05-15 16:49:27.318 xcodebuild[61362:705061]  iPhoneConnect: ## Unable to mount developer disk image, (Error Domain=com.apple.dtdevicekit Code=601 "Could not locate device support files." UserInfo={DeviceType=iPhone10,2, NSLocalizedDescription=Could not locate device support files., NSLocalizedRecoverySuggestion=This iPhone 8 Plus (Model A1864, A1897, A1898, A1899) is running iOS 11.4 (15F5077a), which may not be supported by this version of Xcode.}) {
    DeviceType = "iPhone10,2";
    NSLocalizedDescription = "Could not locate device support files.";
    NSLocalizedRecoverySuggestion = "This iPhone 8 Plus (Model A1864, A1897, A1898, A1899) is running iOS 11.4 (15F5077a), which may not be supported by this version of Xcode.";
}
2018-05-15 16:49:27.350 xcodebuild[61362:705056]  iPhoneConnect: ## Unable to mount developer disk image, (Error Domain=com.apple.dtdevicekit Code=601 "Could not locate device support files." UserInfo={DeviceType=iPhone10,2, NSLocalizedDescription=Could not locate device support files., NSLocalizedRecoverySuggestion=This iPhone 8 Plus (Model A1864, A1897, A1898, A1899) is running iOS 11.4 (15F5077a), which may not be supported by this version of Xcode.}) {
    DeviceType = "iPhone10,2";
    NSLocalizedDescription = "Could not locate device support files.";
    NSLocalizedRecoverySuggestion = "This iPhone 8 Plus (Model A1864, A1897, A1898, A1899) is running iOS 11.4 (15F5077a), which may not be supported by this version of Xcode.";
}

Write auxiliary files
/bin/mkdir -p /WorkSpace/osg-ios/OpenSceneGraph/build/CMakeFiles/CMakeTmp/CMAKE_TRY_COMPILE.build/Debug/cmTC_2c856.build/Objects-normal/x86_64
write-file /WorkSpace/osg-ios/OpenSceneGraph/build/CMakeFiles/CMakeTmp/CMAKE_TRY_COMPILE.build/Debug/cmTC_2c856.build/Objects-normal/x86_64/cmTC_2c856.LinkFileList

CompileC CMAKE_TRY_COMPILE.build/Debug/cmTC_2c856.build/Objects-normal/x86_64/src.o src.cxx normal x86_64 c++ com.apple.compilers.llvm.clang.1_0.compiler
    cd /WorkSpace/osg-ios/OpenSceneGraph/build/CMakeFiles/CMakeTmp
    export LANG=en_US.US-ASCII
    /Applications/Xcode.app/Contents/Developer/Toolchains/XcodeDefault.xctoolchain/usr/bin/clang -x c++ -arch x86_64 -fmessage-length=0 -fdiagnostics-show-note-include-stack -fmacro-backtrace-limit=0 -Wno-trigraphs -fpascal-strings -O0 -Wno-missing-field-initializers -Wno-missing-prototypes -Wno-return-type -Wno-non-virtual-dtor -Wno-overloaded-virtual -Wno-exit-time-destructors -Wno-missing-braces -Wparentheses -Wswitch -Wno-unused-function -Wno-unused-label -Wno-unused-parameter -Wno-unused-variable -Wunused-value -Wno-empty-body -Wno-uninitialized -Wno-unknown-pragmas -Wno-shadow -Wno-four-char-constants -Wno-conversion -Wno-constant-conversion -Wno-int-conversion -Wno-bool-conversion -Wno-enum-conversion -Wno-float-conversion -Wno-non-literal-null-conversion -Wno-objc-literal-conversion -Wno-shorten-64-to-32 -Wno-newline-eof -Wno-c++11-extensions -DCMAKE_INTDIR=\"Debug\" -isysroot /Applications/Xcode.app/Contents/Developer/Platforms/MacOSX.platform/Developer/SDKs/MacOSX10.13.sdk -fasm-blocks -fstrict-aliasing -Wdeprecated-declarations -Winvalid-offsetof -mmacosx-version-min=10.8 -g -Wno-sign-conversion -Wno-infinite-recursion -Wno-move -Wno-comma -Wno-block-capture-autoreleasing -Wno-strict-prototypes -Wno-range-loop-analysis -I/WorkSpace/osg-ios/OpenSceneGraph/build/CMakeFiles/CMakeTmp/Debug/include -I/WorkSpace/osg-ios/OpenSceneGraph/build/CMakeFiles/CMakeTmp/CMAKE_TRY_COMPILE.build/Debug/cmTC_2c856.build/DerivedSources/x86_64 -I/WorkSpace/osg-ios/OpenSceneGraph/build/CMakeFiles/CMakeTmp/CMAKE_TRY_COMPILE.build/Debug/cmTC_2c856.build/DerivedSources -Wmost -Wno-four-char-constants -Wno-unknown-pragmas -F/WorkSpace/osg-ios/OpenSceneGraph/build/CMakeFiles/CMakeTmp/Debug -std=c++11 -stdlib=libc++ -Wno-conversion -D_OPENTHREADS_ATOMIC_USE_MIPOSPRO_BUILTINS -MMD -MT dependencies -MF /WorkSpace/osg-ios/OpenSceneGraph/build/CMakeFiles/CMakeTmp/CMAKE_TRY_COMPILE.build/Debug/cmTC_2c856.build/Objects-normal/x86_64/src.d --serialize-diagnostics /WorkSpace/osg-ios/OpenSceneGraph/build/CMakeFiles/CMakeTmp/CMAKE_TRY_COMPILE.build/Debug/cmTC_2c856.build/Objects-normal/x86_64/src.dia -c /WorkSpace/osg-ios/OpenSceneGraph/build/CMakeFiles/CMakeTmp/src.cxx -o /WorkSpace/osg-ios/OpenSceneGraph/build/CMakeFiles/CMakeTmp/CMAKE_TRY_COMPILE.build/Debug/cmTC_2c856.build/Objects-normal/x86_64/src.o
/WorkSpace/osg-ios/OpenSceneGraph/build/CMakeFiles/CMakeTmp/src.cxx:8:11: error: use of undeclared identifier '__add_and_fetch'
          __add_and_fetch(&value, 1);
          ^
/WorkSpace/osg-ios/OpenSceneGraph/build/CMakeFiles/CMakeTmp/src.cxx:9:11: error: use of undeclared identifier '__synchronize'
          __synchronize(value);
          ^
/WorkSpace/osg-ios/OpenSceneGraph/build/CMakeFiles/CMakeTmp/src.cxx:10:11: error: use of undeclared identifier '__sub_and_fetch'
          __sub_and_fetch(&value, 1);
          ^
/WorkSpace/osg-ios/OpenSceneGraph/build/CMakeFiles/CMakeTmp/src.cxx:11:16: error: use of undeclared identifier '__compare_and_swap'
          if (!__compare_and_swap(&value, 0, 1))
               ^
/WorkSpace/osg-ios/OpenSceneGraph/build/CMakeFiles/CMakeTmp/src.cxx:14:16: error: use of undeclared identifier '__compare_and_swap'
          if (!__compare_and_swap((unsigned long*)&ptr, (unsigned long)ptr, (unsigned long)ptr))
               ^
5 errors generated.

** BUILD FAILED **


The following build commands failed:
	CompileC CMAKE_TRY_COMPILE.build/Debug/cmTC_2c856.build/Objects-normal/x86_64/src.o src.cxx normal x86_64 c++ com.apple.compilers.llvm.clang.1_0.compiler
(1 failure)

Return value: 1
Source file was:

       #include <stdlib.h>

       int main(int, const char**)
       {
          unsigned value = 0;
          void* ptr = &value;
          __add_and_fetch(&value, 1);
          __synchronize(value);
          __sub_and_fetch(&value, 1);
          if (!__compare_and_swap(&value, 0, 1))
             return EXIT_FAILURE;

          if (!__compare_and_swap((unsigned long*)&ptr, (unsigned long)ptr, (unsigned long)ptr))
             return EXIT_FAILURE;

          return EXIT_SUCCESS;
       }
       
Performing C++ SOURCE FILE Test _OPENTHREADS_ATOMIC_USE_SUN failed with the following output:
Change Dir: /WorkSpace/osg-ios/OpenSceneGraph/build/CMakeFiles/CMakeTmp

Run Build Command:"/usr/bin/xcodebuild" "-project" "CMAKE_TRY_COMPILE.xcodeproj" "build" "-target" "cmTC_e6f44" "-configuration" "Debug"
=== BUILD TARGET cmTC_e6f44 OF PROJECT CMAKE_TRY_COMPILE WITH CONFIGURATION Debug ===

Check dependencies
2018-05-15 16:49:28.315 xcodebuild[61376:705138]  iPhoneConnect: ## Unable to mount developer disk image, (Error Domain=com.apple.dtdevicekit Code=601 "Could not locate device support files." UserInfo={DeviceType=iPhone10,2, NSLocalizedDescription=Could not locate device support files., NSLocalizedRecoverySuggestion=This iPhone 8 Plus (Model A1864, A1897, A1898, A1899) is running iOS 11.4 (15F5077a), which may not be supported by this version of Xcode.}) {
    DeviceType = "iPhone10,2";
    NSLocalizedDescription = "Could not locate device support files.";
    NSLocalizedRecoverySuggestion = "This iPhone 8 Plus (Model A1864, A1897, A1898, A1899) is running iOS 11.4 (15F5077a), which may not be supported by this version of Xcode.";
}
2018-05-15 16:49:28.344 xcodebuild[61376:705139]  iPhoneConnect: ## Unable to mount developer disk image, (Error Domain=com.apple.dtdevicekit Code=601 "Could not locate device support files." UserInfo={DeviceType=iPhone10,2, NSLocalizedDescription=Could not locate device support files., NSLocalizedRecoverySuggestion=This iPhone 8 Plus (Model A1864, A1897, A1898, A1899) is running iOS 11.4 (15F5077a), which may not be supported by this version of Xcode.}) {
    DeviceType = "iPhone10,2";
    NSLocalizedDescription = "Could not locate device support files.";
    NSLocalizedRecoverySuggestion = "This iPhone 8 Plus (Model A1864, A1897, A1898, A1899) is running iOS 11.4 (15F5077a), which may not be supported by this version of Xcode.";
}

Write auxiliary files
/bin/mkdir -p /WorkSpace/osg-ios/OpenSceneGraph/build/CMakeFiles/CMakeTmp/CMAKE_TRY_COMPILE.build/Debug/cmTC_e6f44.build/Objects-normal/x86_64
write-file /WorkSpace/osg-ios/OpenSceneGraph/build/CMakeFiles/CMakeTmp/CMAKE_TRY_COMPILE.build/Debug/cmTC_e6f44.build/Objects-normal/x86_64/cmTC_e6f44.LinkFileList

CompileC CMAKE_TRY_COMPILE.build/Debug/cmTC_e6f44.build/Objects-normal/x86_64/src.o src.cxx normal x86_64 c++ com.apple.compilers.llvm.clang.1_0.compiler
    cd /WorkSpace/osg-ios/OpenSceneGraph/build/CMakeFiles/CMakeTmp
    export LANG=en_US.US-ASCII
    /Applications/Xcode.app/Contents/Developer/Toolchains/XcodeDefault.xctoolchain/usr/bin/clang -x c++ -arch x86_64 -fmessage-length=0 -fdiagnostics-show-note-include-stack -fmacro-backtrace-limit=0 -Wno-trigraphs -fpascal-strings -O0 -Wno-missing-field-initializers -Wno-missing-prototypes -Wno-return-type -Wno-non-virtual-dtor -Wno-overloaded-virtual -Wno-exit-time-destructors -Wno-missing-braces -Wparentheses -Wswitch -Wno-unused-function -Wno-unused-label -Wno-unused-parameter -Wno-unused-variable -Wunused-value -Wno-empty-body -Wno-uninitialized -Wno-unknown-pragmas -Wno-shadow -Wno-four-char-constants -Wno-conversion -Wno-constant-conversion -Wno-int-conversion -Wno-bool-conversion -Wno-enum-conversion -Wno-float-conversion -Wno-non-literal-null-conversion -Wno-objc-literal-conversion -Wno-shorten-64-to-32 -Wno-newline-eof -Wno-c++11-extensions -DCMAKE_INTDIR=\"Debug\" -isysroot /Applications/Xcode.app/Contents/Developer/Platforms/MacOSX.platform/Developer/SDKs/MacOSX10.13.sdk -fasm-blocks -fstrict-aliasing -Wdeprecated-declarations -Winvalid-offsetof -mmacosx-version-min=10.8 -g -Wno-sign-conversion -Wno-infinite-recursion -Wno-move -Wno-comma -Wno-block-capture-autoreleasing -Wno-strict-prototypes -Wno-range-loop-analysis -I/WorkSpace/osg-ios/OpenSceneGraph/build/CMakeFiles/CMakeTmp/Debug/include -I/WorkSpace/osg-ios/OpenSceneGraph/build/CMakeFiles/CMakeTmp/CMAKE_TRY_COMPILE.build/Debug/cmTC_e6f44.build/DerivedSources/x86_64 -I/WorkSpace/osg-ios/OpenSceneGraph/build/CMakeFiles/CMakeTmp/CMAKE_TRY_COMPILE.build/Debug/cmTC_e6f44.build/DerivedSources -Wmost -Wno-four-char-constants -Wno-unknown-pragmas -F/WorkSpace/osg-ios/OpenSceneGraph/build/CMakeFiles/CMakeTmp/Debug -std=c++11 -stdlib=libc++ -Wno-conversion -D_OPENTHREADS_ATOMIC_USE_SUN -MMD -MT dependencies -MF /WorkSpace/osg-ios/OpenSceneGraph/build/CMakeFiles/CMakeTmp/CMAKE_TRY_COMPILE.build/Debug/cmTC_e6f44.build/Objects-normal/x86_64/src.d --serialize-diagnostics /WorkSpace/osg-ios/OpenSceneGraph/build/CMakeFiles/CMakeTmp/CMAKE_TRY_COMPILE.build/Debug/cmTC_e6f44.build/Objects-normal/x86_64/src.dia -c /WorkSpace/osg-ios/OpenSceneGraph/build/CMakeFiles/CMakeTmp/src.cxx -o /WorkSpace/osg-ios/OpenSceneGraph/build/CMakeFiles/CMakeTmp/CMAKE_TRY_COMPILE.build/Debug/cmTC_e6f44.build/Objects-normal/x86_64/src.o
/WorkSpace/osg-ios/OpenSceneGraph/build/CMakeFiles/CMakeTmp/src.cxx:2:17: fatal error: 'atomic.h' file not found
       #include <atomic.h>
                ^~~~~~~~~~
1 error generated.

** BUILD FAILED **


The following build commands failed:
	CompileC CMAKE_TRY_COMPILE.build/Debug/cmTC_e6f44.build/Objects-normal/x86_64/src.o src.cxx normal x86_64 c++ com.apple.compilers.llvm.clang.1_0.compiler
(1 failure)

Return value: 1
Source file was:

       #include <atomic.h>
       #include <cstdlib>

       int main(int, const char**)
       {
          uint_t value = 0;
          void* ptr = &value;
          atomic_inc_uint_nv(&value);
          membar_consumer();
          atomic_dec_uint_nv(&value);
          if (0 != atomic_cas_uint(&value, 0, 1))
             return EXIT_FAILURE;

          if (ptr != atomic_cas_ptr(&ptr, ptr, ptr))
             return EXIT_FAILURE;

          return EXIT_SUCCESS;
       }
       
Performing C++ SOURCE FILE Test _OPENTHREADS_ATOMIC_USE_WIN32_INTERLOCKED failed with the following output:
Change Dir: /WorkSpace/osg-ios/OpenSceneGraph/build/CMakeFiles/CMakeTmp

Run Build Command:"/usr/bin/xcodebuild" "-project" "CMAKE_TRY_COMPILE.xcodeproj" "build" "-target" "cmTC_f57ae" "-configuration" "Debug"
=== BUILD TARGET cmTC_f57ae OF PROJECT CMAKE_TRY_COMPILE WITH CONFIGURATION Debug ===

Check dependencies
2018-05-15 16:49:29.278 xcodebuild[61390:705308]  iPhoneConnect: ## Unable to mount developer disk image, (Error Domain=com.apple.dtdevicekit Code=601 "Could not locate device support files." UserInfo={DeviceType=iPhone10,2, NSLocalizedDescription=Could not locate device support files., NSLocalizedRecoverySuggestion=This iPhone 8 Plus (Model A1864, A1897, A1898, A1899) is running iOS 11.4 (15F5077a), which may not be supported by this version of Xcode.}) {
    DeviceType = "iPhone10,2";
    NSLocalizedDescription = "Could not locate device support files.";
    NSLocalizedRecoverySuggestion = "This iPhone 8 Plus (Model A1864, A1897, A1898, A1899) is running iOS 11.4 (15F5077a), which may not be supported by this version of Xcode.";
}

Write auxiliary files
/bin/mkdir -p /WorkSpace/osg-ios/OpenSceneGraph/build/CMakeFiles/CMakeTmp/CMAKE_TRY_COMPILE.build/Debug/cmTC_f57ae.build/Objects-normal/x86_64
write-file /WorkSpace/osg-ios/OpenSceneGraph/build/CMakeFiles/CMakeTmp/CMAKE_TRY_COMPILE.build/Debug/cmTC_f57ae.build/Objects-normal/x86_64/cmTC_f57ae.LinkFileList

CompileC CMAKE_TRY_COMPILE.build/Debug/cmTC_f57ae.build/Objects-normal/x86_64/src.o src.cxx normal x86_64 c++ com.apple.compilers.llvm.clang.1_0.compiler
    cd /WorkSpace/osg-ios/OpenSceneGraph/build/CMakeFiles/CMakeTmp
    export LANG=en_US.US-ASCII
    /Applications/Xcode.app/Contents/Developer/Toolchains/XcodeDefault.xctoolchain/usr/bin/clang -x c++ -arch x86_64 -fmessage-length=0 -fdiagnostics-show-note-include-stack -fmacro-backtrace-limit=0 -Wno-trigraphs -fpascal-strings -O0 -Wno-missing-field-initializers -Wno-missing-prototypes -Wno-return-type -Wno-non-virtual-dtor -Wno-overloaded-virtual -Wno-exit-time-destructors -Wno-missing-braces -Wparentheses -Wswitch -Wno-unused-function -Wno-unused-label -Wno-unused-parameter -Wno-unused-variable -Wunused-value -Wno-empty-body -Wno-uninitialized -Wno-unknown-pragmas -Wno-shadow -Wno-four-char-constants -Wno-conversion -Wno-constant-conversion -Wno-int-conversion -Wno-bool-conversion -Wno-enum-conversion -Wno-float-conversion -Wno-non-literal-null-conversion -Wno-objc-literal-conversion -Wno-shorten-64-to-32 -Wno-newline-eof -Wno-c++11-extensions -DCMAKE_INTDIR=\"Debug\" -isysroot /Applications/Xcode.app/Contents/Developer/Platforms/MacOSX.platform/Developer/SDKs/MacOSX10.13.sdk -fasm-blocks -fstrict-aliasing -Wdeprecated-declarations -Winvalid-offsetof -mmacosx-version-min=10.8 -g -Wno-sign-conversion -Wno-infinite-recursion -Wno-move -Wno-comma -Wno-block-capture-autoreleasing -Wno-strict-prototypes -Wno-range-loop-analysis -I/WorkSpace/osg-ios/OpenSceneGraph/build/CMakeFiles/CMakeTmp/Debug/include -I/WorkSpace/osg-ios/OpenSceneGraph/build/CMakeFiles/CMakeTmp/CMAKE_TRY_COMPILE.build/Debug/cmTC_f57ae.build/DerivedSources/x86_64 -I/WorkSpace/osg-ios/OpenSceneGraph/build/CMakeFiles/CMakeTmp/CMAKE_TRY_COMPILE.build/Debug/cmTC_f57ae.build/DerivedSources -Wmost -Wno-four-char-constants -Wno-unknown-pragmas -F/WorkSpace/osg-ios/OpenSceneGraph/build/CMakeFiles/CMakeTmp/Debug -std=c++11 -stdlib=libc++ -Wno-conversion -D_OPENTHREADS_ATOMIC_USE_WIN32_INTERLOCKED -MMD -MT dependencies -MF /WorkSpace/osg-ios/OpenSceneGraph/build/CMakeFiles/CMakeTmp/CMAKE_TRY_COMPILE.build/Debug/cmTC_f57ae.build/Objects-normal/x86_64/src.d --serialize-diagnostics /WorkSpace/osg-ios/OpenSceneGraph/build/CMakeFiles/CMakeTmp/CMAKE_TRY_COMPILE.build/Debug/cmTC_f57ae.build/Objects-normal/x86_64/src.dia -c /WorkSpace/osg-ios/OpenSceneGraph/build/CMakeFiles/CMakeTmp/src.cxx -o /WorkSpace/osg-ios/OpenSceneGraph/build/CMakeFiles/CMakeTmp/CMAKE_TRY_COMPILE.build/Debug/cmTC_f57ae.build/Objects-normal/x86_64/src.o
2018-05-15 16:49:29.316 xcodebuild[61390:705291]  iPhoneConnect: ## Unable to mount developer disk image, (Error Domain=com.apple.dtdevicekit Code=601 "Could not locate device support files." UserInfo={DeviceType=iPhone10,2, NSLocalizedDescription=Could not locate device support files., NSLocalizedRecoverySuggestion=This iPhone 8 Plus (Model A1864, A1897, A1898, A1899) is running iOS 11.4 (15F5077a), which may not be supported by this version of Xcode.}) {
    DeviceType = "iPhone10,2";
    NSLocalizedDescription = "Could not locate device support files.";
    NSLocalizedRecoverySuggestion = "This iPhone 8 Plus (Model A1864, A1897, A1898, A1899) is running iOS 11.4 (15F5077a), which may not be supported by this version of Xcode.";
}
/WorkSpace/osg-ios/OpenSceneGraph/build/CMakeFiles/CMakeTmp/src.cxx:2:17: fatal error: 'windows.h' file not found
       #include <windows.h>
                ^~~~~~~~~~~
1 error generated.

** BUILD FAILED **


The following build commands failed:
	CompileC CMAKE_TRY_COMPILE.build/Debug/cmTC_f57ae.build/Objects-normal/x86_64/src.o src.cxx normal x86_64 c++ com.apple.compilers.llvm.clang.1_0.compiler
(1 failure)

Return value: 1
Source file was:

       #include <windows.h>
       #include <intrin.h>
       #include <cstdlib>

       #pragma intrinsic(_InterlockedAnd)
       #pragma intrinsic(_InterlockedOr)
       #pragma intrinsic(_InterlockedXor)

       int main(int, const char**)
       {
          volatile long value = 0;
          long data = 0;
          long* volatile ptr = &data;

          InterlockedIncrement(&value);
          MemoryBarrier();
          InterlockedDecrement(&value);

          if (0 != InterlockedCompareExchange(&value, 1, 0))
             return EXIT_FAILURE;

          if (ptr != InterlockedCompareExchangePointer((PVOID volatile*)&ptr, (PVOID)ptr, (PVOID)ptr))
             return EXIT_FAILURE;

          return EXIT_SUCCESS;
       }
       
Determining if the function pthread_yield exists failed with the following output:
Change Dir: /WorkSpace/osg-ios/OpenSceneGraph/build/CMakeFiles/CMakeTmp

Run Build Command:"/usr/bin/xcodebuild" "-project" "CMAKE_TRY_COMPILE.xcodeproj" "build" "-target" "cmTC_288b0" "-configuration" "Debug"
=== BUILD TARGET cmTC_288b0 OF PROJECT CMAKE_TRY_COMPILE WITH CONFIGURATION Debug ===

Check dependencies
2018-05-15 16:49:31.266 xcodebuild[61421:705442]  iPhoneConnect: ## Unable to mount developer disk image, (Error Domain=com.apple.dtdevicekit Code=601 "Could not locate device support files." UserInfo={DeviceType=iPhone10,2, NSLocalizedDescription=Could not locate device support files., NSLocalizedRecoverySuggestion=This iPhone 8 Plus (Model A1864, A1897, A1898, A1899) is running iOS 11.4 (15F5077a), which may not be supported by this version of Xcode.}) {
    DeviceType = "iPhone10,2";
    NSLocalizedDescription = "Could not locate device support files.";
    NSLocalizedRecoverySuggestion = "This iPhone 8 Plus (Model A1864, A1897, A1898, A1899) is running iOS 11.4 (15F5077a), which may not be supported by this version of Xcode.";
}

Write auxiliary files
/bin/mkdir -p /WorkSpace/osg-ios/OpenSceneGraph/build/CMakeFiles/CMakeTmp/CMAKE_TRY_COMPILE.build/Debug/cmTC_288b0.build/Objects-normal/x86_64
write-file /WorkSpace/osg-ios/OpenSceneGraph/build/CMakeFiles/CMakeTmp/CMAKE_TRY_COMPILE.build/Debug/cmTC_288b0.build/Objects-normal/x86_64/cmTC_288b0.LinkFileList

CompileC CMAKE_TRY_COMPILE.build/Debug/cmTC_288b0.build/Objects-normal/x86_64/CheckFunctionExists.o /Applications/CMake.app/Contents/share/cmake-3.6/Modules/CheckFunctionExists.c normal x86_64 c com.apple.compilers.llvm.clang.1_0.compiler
    cd /WorkSpace/osg-ios/OpenSceneGraph/build/CMakeFiles/CMakeTmp
    export LANG=en_US.US-ASCII
    /Applications/Xcode.app/Contents/Developer/Toolchains/XcodeDefault.xctoolchain/usr/bin/clang -x c -arch x86_64 -fmessage-length=0 -fdiagnostics-show-note-include-stack -fmacro-backtrace-limit=0 -Wno-trigraphs -fpascal-strings -O0 -Wno-missing-field-initializers -Wno-missing-prototypes -Wno-return-type -Wno-missing-braces -Wparentheses -Wswitch -Wno-unused-function -Wno-unused-label -Wno-unused-parameter -Wno-unused-variable -Wunused-value -Wno-empty-body -Wno-uninitialized -Wno-unknown-pragmas -Wno-shadow -Wno-four-char-constants -Wno-conversion -Wno-constant-conversion -Wno-int-conversion -Wno-bool-conversion -Wno-enum-conversion -Wno-float-conversion -Wno-non-literal-null-conversion -Wno-objc-literal-conversion -Wno-shorten-64-to-32 -Wpointer-sign -Wno-newline-eof -DCMAKE_INTDIR=\"Debug\" -isysroot /Applications/Xcode.app/Contents/Developer/Platforms/MacOSX.platform/Developer/SDKs/MacOSX10.13.sdk -fasm-blocks -fstrict-aliasing -Wdeprecated-declarations -mmacosx-version-min=10.8 -g -Wno-sign-conversion -Wno-infinite-recursion -Wno-comma -Wno-block-capture-autoreleasing -Wno-strict-prototypes -I/WorkSpace/osg-ios/OpenSceneGraph/build/CMakeFiles/CMakeTmp/Debug/include -I/WorkSpace/osg-ios/OpenSceneGraph/build/CMakeFiles/CMakeTmp/CMAKE_TRY_COMPILE.build/Debug/cmTC_288b0.build/DerivedSources/x86_64 -I/WorkSpace/osg-ios/OpenSceneGraph/build/CMakeFiles/CMakeTmp/CMAKE_TRY_COMPILE.build/Debug/cmTC_288b0.build/DerivedSources -Wmost -Wno-four-char-constants -Wno-unknown-pragmas -F/WorkSpace/osg-ios/OpenSceneGraph/build/CMakeFiles/CMakeTmp/Debug -DCHECK_FUNCTION_EXISTS=pthread_yield -MMD -MT dependencies -MF /WorkSpace/osg-ios/OpenSceneGraph/build/CMakeFiles/CMakeTmp/CMAKE_TRY_COMPILE.build/Debug/cmTC_288b0.build/Objects-normal/x86_64/CheckFunctionExists.d --serialize-diagnostics /WorkSpace/osg-ios/OpenSceneGraph/build/CMakeFiles/CMakeTmp/CMAKE_TRY_COMPILE.build/Debug/cmTC_288b0.build/Objects-normal/x86_64/CheckFunctionExists.dia -c /Applications/CMake.app/Contents/share/cmake-3.6/Modules/CheckFunctionExists.c -o /WorkSpace/osg-ios/OpenSceneGraph/build/CMakeFiles/CMakeTmp/CMAKE_TRY_COMPILE.build/Debug/cmTC_288b0.build/Objects-normal/x86_64/CheckFunctionExists.o
2018-05-15 16:49:31.302 xcodebuild[61421:705420]  iPhoneConnect: ## Unable to mount developer disk image, (Error Domain=com.apple.dtdevicekit Code=601 "Could not locate device support files." UserInfo={DeviceType=iPhone10,2, NSLocalizedDescription=Could not locate device support files., NSLocalizedRecoverySuggestion=This iPhone 8 Plus (Model A1864, A1897, A1898, A1899) is running iOS 11.4 (15F5077a), which may not be supported by this version of Xcode.}) {
    DeviceType = "iPhone10,2";
    NSLocalizedDescription = "Could not locate device support files.";
    NSLocalizedRecoverySuggestion = "This iPhone 8 Plus (Model A1864, A1897, A1898, A1899) is running iOS 11.4 (15F5077a), which may not be supported by this version of Xcode.";
}

Ld Debug/cmTC_288b0 normal x86_64
    cd /WorkSpace/osg-ios/OpenSceneGraph/build/CMakeFiles/CMakeTmp
    export MACOSX_DEPLOYMENT_TARGET=10.8
    /Applications/Xcode.app/Contents/Developer/Toolchains/XcodeDefault.xctoolchain/usr/bin/clang -arch x86_64 -isysroot /Applications/Xcode.app/Contents/Developer/Platforms/MacOSX.platform/Developer/SDKs/MacOSX10.13.sdk -L/WorkSpace/osg-ios/OpenSceneGraph/build/CMakeFiles/CMakeTmp/Debug -F/WorkSpace/osg-ios/OpenSceneGraph/build/CMakeFiles/CMakeTmp/Debug -filelist /WorkSpace/osg-ios/OpenSceneGraph/build/CMakeFiles/CMakeTmp/CMAKE_TRY_COMPILE.build/Debug/cmTC_288b0.build/Objects-normal/x86_64/cmTC_288b0.LinkFileList -mmacosx-version-min=10.8 -Xlinker -object_path_lto -Xlinker /WorkSpace/osg-ios/OpenSceneGraph/build/CMakeFiles/CMakeTmp/CMAKE_TRY_COMPILE.build/Debug/cmTC_288b0.build/Objects-normal/x86_64/cmTC_288b0_lto.o -Xlinker -no_deduplicate -Wl,-search_paths_first -Wl,-headerpad_max_install_names -Xlinker -dependency_info -Xlinker /WorkSpace/osg-ios/OpenSceneGraph/build/CMakeFiles/CMakeTmp/CMAKE_TRY_COMPILE.build/Debug/cmTC_288b0.build/Objects-normal/x86_64/cmTC_288b0_dependency_info.dat -o /WorkSpace/osg-ios/OpenSceneGraph/build/CMakeFiles/CMakeTmp/Debug/cmTC_288b0
Undefined symbols for architecture x86_64:
  "_pthread_yield", referenced from:
      _main in CheckFunctionExists.o
ld: symbol(s) not found for architecture x86_64
clang: error: linker command failed with exit code 1 (use -v to see invocation)

** BUILD FAILED **


The following build commands failed:
	Ld Debug/cmTC_288b0 normal x86_64
(1 failure)


Determining if the function pthread_setaffinity_np exists failed with the following output:
Change Dir: /WorkSpace/osg-ios/OpenSceneGraph/build/CMakeFiles/CMakeTmp

Run Build Command:"/usr/bin/xcodebuild" "-project" "CMAKE_TRY_COMPILE.xcodeproj" "build" "-target" "cmTC_95620" "-configuration" "Debug"
=== BUILD TARGET cmTC_95620 OF PROJECT CMAKE_TRY_COMPILE WITH CONFIGURATION Debug ===

Check dependencies
2018-05-15 16:49:35.112 xcodebuild[61482:705729]  iPhoneConnect: ## Unable to mount developer disk image, (Error Domain=com.apple.dtdevicekit Code=601 "Could not locate device support files." UserInfo={DeviceType=iPhone10,2, NSLocalizedDescription=Could not locate device support files., NSLocalizedRecoverySuggestion=This iPhone 8 Plus (Model A1864, A1897, A1898, A1899) is running iOS 11.4 (15F5077a), which may not be supported by this version of Xcode.}) {
    DeviceType = "iPhone10,2";
    NSLocalizedDescription = "Could not locate device support files.";
    NSLocalizedRecoverySuggestion = "This iPhone 8 Plus (Model A1864, A1897, A1898, A1899) is running iOS 11.4 (15F5077a), which may not be supported by this version of Xcode.";
}
2018-05-15 16:49:35.144 xcodebuild[61482:705732]  iPhoneConnect: ## Unable to mount developer disk image, (Error Domain=com.apple.dtdevicekit Code=601 "Could not locate device support files." UserInfo={DeviceType=iPhone10,2, NSLocalizedDescription=Could not locate device support files., NSLocalizedRecoverySuggestion=This iPhone 8 Plus (Model A1864, A1897, A1898, A1899) is running iOS 11.4 (15F5077a), which may not be supported by this version of Xcode.}) {
    DeviceType = "iPhone10,2";
    NSLocalizedDescription = "Could not locate device support files.";
    NSLocalizedRecoverySuggestion = "This iPhone 8 Plus (Model A1864, A1897, A1898, A1899) is running iOS 11.4 (15F5077a), which may not be supported by this version of Xcode.";
}

Write auxiliary files
/bin/mkdir -p /WorkSpace/osg-ios/OpenSceneGraph/build/CMakeFiles/CMakeTmp/CMAKE_TRY_COMPILE.build/Debug/cmTC_95620.build/Objects-normal/x86_64
write-file /WorkSpace/osg-ios/OpenSceneGraph/build/CMakeFiles/CMakeTmp/CMAKE_TRY_COMPILE.build/Debug/cmTC_95620.build/Objects-normal/x86_64/cmTC_95620.LinkFileList

CompileC CMAKE_TRY_COMPILE.build/Debug/cmTC_95620.build/Objects-normal/x86_64/CheckFunctionExists.o /Applications/CMake.app/Contents/share/cmake-3.6/Modules/CheckFunctionExists.c normal x86_64 c com.apple.compilers.llvm.clang.1_0.compiler
    cd /WorkSpace/osg-ios/OpenSceneGraph/build/CMakeFiles/CMakeTmp
    export LANG=en_US.US-ASCII
    /Applications/Xcode.app/Contents/Developer/Toolchains/XcodeDefault.xctoolchain/usr/bin/clang -x c -arch x86_64 -fmessage-length=0 -fdiagnostics-show-note-include-stack -fmacro-backtrace-limit=0 -Wno-trigraphs -fpascal-strings -O0 -Wno-missing-field-initializers -Wno-missing-prototypes -Wno-return-type -Wno-missing-braces -Wparentheses -Wswitch -Wno-unused-function -Wno-unused-label -Wno-unused-parameter -Wno-unused-variable -Wunused-value -Wno-empty-body -Wno-uninitialized -Wno-unknown-pragmas -Wno-shadow -Wno-four-char-constants -Wno-conversion -Wno-constant-conversion -Wno-int-conversion -Wno-bool-conversion -Wno-enum-conversion -Wno-float-conversion -Wno-non-literal-null-conversion -Wno-objc-literal-conversion -Wno-shorten-64-to-32 -Wpointer-sign -Wno-newline-eof -DCMAKE_INTDIR=\"Debug\" -isysroot /Applications/Xcode.app/Contents/Developer/Platforms/MacOSX.platform/Developer/SDKs/MacOSX10.13.sdk -fasm-blocks -fstrict-aliasing -Wdeprecated-declarations -mmacosx-version-min=10.8 -g -Wno-sign-conversion -Wno-infinite-recursion -Wno-comma -Wno-block-capture-autoreleasing -Wno-strict-prototypes -I/WorkSpace/osg-ios/OpenSceneGraph/build/CMakeFiles/CMakeTmp/Debug/include -I/WorkSpace/osg-ios/OpenSceneGraph/build/CMakeFiles/CMakeTmp/CMAKE_TRY_COMPILE.build/Debug/cmTC_95620.build/DerivedSources/x86_64 -I/WorkSpace/osg-ios/OpenSceneGraph/build/CMakeFiles/CMakeTmp/CMAKE_TRY_COMPILE.build/Debug/cmTC_95620.build/DerivedSources -Wmost -Wno-four-char-constants -Wno-unknown-pragmas -F/WorkSpace/osg-ios/OpenSceneGraph/build/CMakeFiles/CMakeTmp/Debug -DCHECK_FUNCTION_EXISTS=pthread_setaffinity_np -MMD -MT dependencies -MF /WorkSpace/osg-ios/OpenSceneGraph/build/CMakeFiles/CMakeTmp/CMAKE_TRY_COMPILE.build/Debug/cmTC_95620.build/Objects-normal/x86_64/CheckFunctionExists.d --serialize-diagnostics /WorkSpace/osg-ios/OpenSceneGraph/build/CMakeFiles/CMakeTmp/CMAKE_TRY_COMPILE.build/Debug/cmTC_95620.build/Objects-normal/x86_64/CheckFunctionExists.dia -c /Applications/CMake.app/Contents/share/cmake-3.6/Modules/CheckFunctionExists.c -o /WorkSpace/osg-ios/OpenSceneGraph/build/CMakeFiles/CMakeTmp/CMAKE_TRY_COMPILE.build/Debug/cmTC_95620.build/Objects-normal/x86_64/CheckFunctionExists.o

Ld Debug/cmTC_95620 normal x86_64
    cd /WorkSpace/osg-ios/OpenSceneGraph/build/CMakeFiles/CMakeTmp
    export MACOSX_DEPLOYMENT_TARGET=10.8
    /Applications/Xcode.app/Contents/Developer/Toolchains/XcodeDefault.xctoolchain/usr/bin/clang -arch x86_64 -isysroot /Applications/Xcode.app/Contents/Developer/Platforms/MacOSX.platform/Developer/SDKs/MacOSX10.13.sdk -L/WorkSpace/osg-ios/OpenSceneGraph/build/CMakeFiles/CMakeTmp/Debug -F/WorkSpace/osg-ios/OpenSceneGraph/build/CMakeFiles/CMakeTmp/Debug -filelist /WorkSpace/osg-ios/OpenSceneGraph/build/CMakeFiles/CMakeTmp/CMAKE_TRY_COMPILE.build/Debug/cmTC_95620.build/Objects-normal/x86_64/cmTC_95620.LinkFileList -mmacosx-version-min=10.8 -Xlinker -object_path_lto -Xlinker /WorkSpace/osg-ios/OpenSceneGraph/build/CMakeFiles/CMakeTmp/CMAKE_TRY_COMPILE.build/Debug/cmTC_95620.build/Objects-normal/x86_64/cmTC_95620_lto.o -Xlinker -no_deduplicate -Wl,-search_paths_first -Wl,-headerpad_max_install_names -Xlinker -dependency_info -Xlinker /WorkSpace/osg-ios/OpenSceneGraph/build/CMakeFiles/CMakeTmp/CMAKE_TRY_COMPILE.build/Debug/cmTC_95620.build/Objects-normal/x86_64/cmTC_95620_dependency_info.dat -o /WorkSpace/osg-ios/OpenSceneGraph/build/CMakeFiles/CMakeTmp/Debug/cmTC_95620
Undefined symbols for architecture x86_64:
  "_pthread_setaffinity_np", referenced from:
      _main in CheckFunctionExists.o
ld: symbol(s) not found for architecture x86_64
clang: error: linker command failed with exit code 1 (use -v to see invocation)

** BUILD FAILED **


The following build commands failed:
	Ld Debug/cmTC_95620 normal x86_64
(1 failure)


Performing C++ SOURCE FILE Test HAVE_THREE_PARAM_SCHED_SETAFFINITY failed with the following output:
Change Dir: /WorkSpace/osg-ios/OpenSceneGraph/build/CMakeFiles/CMakeTmp

Run Build Command:"/usr/bin/xcodebuild" "-project" "CMAKE_TRY_COMPILE.xcodeproj" "build" "-target" "cmTC_46f0f" "-configuration" "Debug"
=== BUILD TARGET cmTC_46f0f OF PROJECT CMAKE_TRY_COMPILE WITH CONFIGURATION Debug ===

Check dependencies
2018-05-15 16:49:36.071 xcodebuild[61497:705783]  iPhoneConnect: ## Unable to mount developer disk image, (Error Domain=com.apple.dtdevicekit Code=601 "Could not locate device support files." UserInfo={DeviceType=iPhone10,2, NSLocalizedDescription=Could not locate device support files., NSLocalizedRecoverySuggestion=This iPhone 8 Plus (Model A1864, A1897, A1898, A1899) is running iOS 11.4 (15F5077a), which may not be supported by this version of Xcode.}) {
    DeviceType = "iPhone10,2";
    NSLocalizedDescription = "Could not locate device support files.";
    NSLocalizedRecoverySuggestion = "This iPhone 8 Plus (Model A1864, A1897, A1898, A1899) is running iOS 11.4 (15F5077a), which may not be supported by this version of Xcode.";
}
2018-05-15 16:49:36.101 xcodebuild[61497:705808]  iPhoneConnect: ## Unable to mount developer disk image, (Error Domain=com.apple.dtdevicekit Code=601 "Could not locate device support files." UserInfo={DeviceType=iPhone10,2, NSLocalizedDescription=Could not locate device support files., NSLocalizedRecoverySuggestion=This iPhone 8 Plus (Model A1864, A1897, A1898, A1899) is running iOS 11.4 (15F5077a), which may not be supported by this version of Xcode.}) {
    DeviceType = "iPhone10,2";
    NSLocalizedDescription = "Could not locate device support files.";
    NSLocalizedRecoverySuggestion = "This iPhone 8 Plus (Model A1864, A1897, A1898, A1899) is running iOS 11.4 (15F5077a), which may not be supported by this version of Xcode.";
}

Write auxiliary files
/bin/mkdir -p /WorkSpace/osg-ios/OpenSceneGraph/build/CMakeFiles/CMakeTmp/CMAKE_TRY_COMPILE.build/Debug/cmTC_46f0f.build/Objects-normal/x86_64
write-file /WorkSpace/osg-ios/OpenSceneGraph/build/CMakeFiles/CMakeTmp/CMAKE_TRY_COMPILE.build/Debug/cmTC_46f0f.build/Objects-normal/x86_64/cmTC_46f0f.LinkFileList

CompileC CMAKE_TRY_COMPILE.build/Debug/cmTC_46f0f.build/Objects-normal/x86_64/src.o src.cxx normal x86_64 c++ com.apple.compilers.llvm.clang.1_0.compiler
    cd /WorkSpace/osg-ios/OpenSceneGraph/build/CMakeFiles/CMakeTmp
    export LANG=en_US.US-ASCII
    /Applications/Xcode.app/Contents/Developer/Toolchains/XcodeDefault.xctoolchain/usr/bin/clang -x c++ -arch x86_64 -fmessage-length=0 -fdiagnostics-show-note-include-stack -fmacro-backtrace-limit=0 -Wno-trigraphs -fpascal-strings -O0 -Wno-missing-field-initializers -Wno-missing-prototypes -Wno-return-type -Wno-non-virtual-dtor -Wno-overloaded-virtual -Wno-exit-time-destructors -Wno-missing-braces -Wparentheses -Wswitch -Wno-unused-function -Wno-unused-label -Wno-unused-parameter -Wno-unused-variable -Wunused-value -Wno-empty-body -Wno-uninitialized -Wno-unknown-pragmas -Wno-shadow -Wno-four-char-constants -Wno-conversion -Wno-constant-conversion -Wno-int-conversion -Wno-bool-conversion -Wno-enum-conversion -Wno-float-conversion -Wno-non-literal-null-conversion -Wno-objc-literal-conversion -Wno-shorten-64-to-32 -Wno-newline-eof -Wno-c++11-extensions -DCMAKE_INTDIR=\"Debug\" -isysroot /Applications/Xcode.app/Contents/Developer/Platforms/MacOSX.platform/Developer/SDKs/MacOSX10.13.sdk -fasm-blocks -fstrict-aliasing -Wdeprecated-declarations -Winvalid-offsetof -mmacosx-version-min=10.8 -g -Wno-sign-conversion -Wno-infinite-recursion -Wno-move -Wno-comma -Wno-block-capture-autoreleasing -Wno-strict-prototypes -Wno-range-loop-analysis -I/WorkSpace/osg-ios/OpenSceneGraph/build/CMakeFiles/CMakeTmp/Debug/include -I/WorkSpace/osg-ios/OpenSceneGraph/build/CMakeFiles/CMakeTmp/CMAKE_TRY_COMPILE.build/Debug/cmTC_46f0f.build/DerivedSources/x86_64 -I/WorkSpace/osg-ios/OpenSceneGraph/build/CMakeFiles/CMakeTmp/CMAKE_TRY_COMPILE.build/Debug/cmTC_46f0f.build/DerivedSources -Wmost -Wno-four-char-constants -Wno-unknown-pragmas -F/WorkSpace/osg-ios/OpenSceneGraph/build/CMakeFiles/CMakeTmp/Debug -std=c++11 -stdlib=libc++ -Wno-conversion -DHAVE_THREE_PARAM_SCHED_SETAFFINITY -MMD -MT dependencies -MF /WorkSpace/osg-ios/OpenSceneGraph/build/CMakeFiles/CMakeTmp/CMAKE_TRY_COMPILE.build/Debug/cmTC_46f0f.build/Objects-normal/x86_64/src.d --serialize-diagnostics /WorkSpace/osg-ios/OpenSceneGraph/build/CMakeFiles/CMakeTmp/CMAKE_TRY_COMPILE.build/Debug/cmTC_46f0f.build/Objects-normal/x86_64/src.dia -c /WorkSpace/osg-ios/OpenSceneGraph/build/CMakeFiles/CMakeTmp/src.cxx -o /WorkSpace/osg-ios/OpenSceneGraph/build/CMakeFiles/CMakeTmp/CMAKE_TRY_COMPILE.build/Debug/cmTC_46f0f.build/Objects-normal/x86_64/src.o
/WorkSpace/osg-ios/OpenSceneGraph/build/CMakeFiles/CMakeTmp/src.cxx:4:13: error: unknown type name 'cpu_set_t'
            cpu_set_t cpumask;
            ^
1 error generated.

** BUILD FAILED **


The following build commands failed:
	CompileC CMAKE_TRY_COMPILE.build/Debug/cmTC_46f0f.build/Objects-normal/x86_64/src.o src.cxx normal x86_64 c++ com.apple.compilers.llvm.clang.1_0.compiler
(1 failure)

Source file was:

            #include <sched.h>
            int main() {
            cpu_set_t cpumask;
            sched_setaffinity( 0, sizeof(cpumask), &cpumask );
            return 0;
            }
Performing C++ SOURCE FILE Test HAVE_TWO_PARAM_SCHED_SETAFFINITY failed with the following output:
Change Dir: /WorkSpace/osg-ios/OpenSceneGraph/build/CMakeFiles/CMakeTmp

Run Build Command:"/usr/bin/xcodebuild" "-project" "CMAKE_TRY_COMPILE.xcodeproj" "build" "-target" "cmTC_61506" "-configuration" "Debug"
=== BUILD TARGET cmTC_61506 OF PROJECT CMAKE_TRY_COMPILE WITH CONFIGURATION Debug ===

Check dependencies
2018-05-15 16:49:36.991 xcodebuild[61511:705835]  iPhoneConnect: ## Unable to mount developer disk image, (Error Domain=com.apple.dtdevicekit Code=601 "Could not locate device support files." UserInfo={DeviceType=iPhone10,2, NSLocalizedDescription=Could not locate device support files., NSLocalizedRecoverySuggestion=This iPhone 8 Plus (Model A1864, A1897, A1898, A1899) is running iOS 11.4 (15F5077a), which may not be supported by this version of Xcode.}) {
    DeviceType = "iPhone10,2";
    NSLocalizedDescription = "Could not locate device support files.";
    NSLocalizedRecoverySuggestion = "This iPhone 8 Plus (Model A1864, A1897, A1898, A1899) is running iOS 11.4 (15F5077a), which may not be supported by this version of Xcode.";
}

Write auxiliary files
/bin/mkdir -p /WorkSpace/osg-ios/OpenSceneGraph/build/CMakeFiles/CMakeTmp/CMAKE_TRY_COMPILE.build/Debug/cmTC_61506.build/Objects-normal/x86_64
write-file /WorkSpace/osg-ios/OpenSceneGraph/build/CMakeFiles/CMakeTmp/CMAKE_TRY_COMPILE.build/Debug/cmTC_61506.build/Objects-normal/x86_64/cmTC_61506.LinkFileList

CompileC CMAKE_TRY_COMPILE.build/Debug/cmTC_61506.build/Objects-normal/x86_64/src.o src.cxx normal x86_64 c++ com.apple.compilers.llvm.clang.1_0.compiler
    cd /WorkSpace/osg-ios/OpenSceneGraph/build/CMakeFiles/CMakeTmp
    export LANG=en_US.US-ASCII
    /Applications/Xcode.app/Contents/Developer/Toolchains/XcodeDefault.xctoolchain/usr/bin/clang -x c++ -arch x86_64 -fmessage-length=0 -fdiagnostics-show-note-include-stack -fmacro-backtrace-limit=0 -Wno-trigraphs -fpascal-strings -O0 -Wno-missing-field-initializers -Wno-missing-prototypes -Wno-return-type -Wno-non-virtual-dtor -Wno-overloaded-virtual -Wno-exit-time-destructors -Wno-missing-braces -Wparentheses -Wswitch -Wno-unused-function -Wno-unused-label -Wno-unused-parameter -Wno-unused-variable -Wunused-value -Wno-empty-body -Wno-uninitialized -Wno-unknown-pragmas -Wno-shadow -Wno-four-char-constants -Wno-conversion -Wno-constant-conversion -Wno-int-conversion -Wno-bool-conversion -Wno-enum-conversion -Wno-float-conversion -Wno-non-literal-null-conversion -Wno-objc-literal-conversion -Wno-shorten-64-to-32 -Wno-newline-eof -Wno-c++11-extensions -DCMAKE_INTDIR=\"Debug\" -isysroot /Applications/Xcode.app/Contents/Developer/Platforms/MacOSX.platform/Developer/SDKs/MacOSX10.13.sdk -fasm-blocks -fstrict-aliasing -Wdeprecated-declarations -Winvalid-offsetof -mmacosx-version-min=10.8 -g -Wno-sign-conversion -Wno-infinite-recursion -Wno-move -Wno-comma -Wno-block-capture-autoreleasing -Wno-strict-prototypes -Wno-range-loop-analysis -I/WorkSpace/osg-ios/OpenSceneGraph/build/CMakeFiles/CMakeTmp/Debug/include -I/WorkSpace/osg-ios/OpenSceneGraph/build/CMakeFiles/CMakeTmp/CMAKE_TRY_COMPILE.build/Debug/cmTC_61506.build/DerivedSources/x86_64 -I/WorkSpace/osg-ios/OpenSceneGraph/build/CMakeFiles/CMakeTmp/CMAKE_TRY_COMPILE.build/Debug/cmTC_61506.build/DerivedSources -Wmost -Wno-four-char-constants -Wno-unknown-pragmas -F/WorkSpace/osg-ios/OpenSceneGraph/build/CMakeFiles/CMakeTmp/Debug -std=c++11 -stdlib=libc++ -Wno-conversion -DHAVE_TWO_PARAM_SCHED_SETAFFINITY -MMD -MT dependencies -MF /WorkSpace/osg-ios/OpenSceneGraph/build/CMakeFiles/CMakeTmp/CMAKE_TRY_COMPILE.build/Debug/cmTC_61506.build/Objects-normal/x86_64/src.d --serialize-diagnostics /WorkSpace/osg-ios/OpenSceneGraph/build/CMakeFiles/CMakeTmp/CMAKE_TRY_COMPILE.build/Debug/cmTC_61506.build/Objects-normal/x86_64/src.dia -c /WorkSpace/osg-ios/OpenSceneGraph/build/CMakeFiles/CMakeTmp/src.cxx -o /WorkSpace/osg-ios/OpenSceneGraph/build/CMakeFiles/CMakeTmp/CMAKE_TRY_COMPILE.build/Debug/cmTC_61506.build/Objects-normal/x86_64/src.o
2018-05-15 16:49:37.028 xcodebuild[61511:705835]  iPhoneConnect: ## Unable to mount developer disk image, (Error Domain=com.apple.dtdevicekit Code=601 "Could not locate device support files." UserInfo={DeviceType=iPhone10,2, NSLocalizedDescription=Could not locate device support files., NSLocalizedRecoverySuggestion=This iPhone 8 Plus (Model A1864, A1897, A1898, A1899) is running iOS 11.4 (15F5077a), which may not be supported by this version of Xcode.}) {
    DeviceType = "iPhone10,2";
    NSLocalizedDescription = "Could not locate device support files.";
    NSLocalizedRecoverySuggestion = "This iPhone 8 Plus (Model A1864, A1897, A1898, A1899) is running iOS 11.4 (15F5077a), which may not be supported by this version of Xcode.";
}
/WorkSpace/osg-ios/OpenSceneGraph/build/CMakeFiles/CMakeTmp/src.cxx:4:19: error: unknown type name 'cpu_set_t'
                  cpu_set_t cpumask;
                  ^
1 error generated.

** BUILD FAILED **


The following build commands failed:
	CompileC CMAKE_TRY_COMPILE.build/Debug/cmTC_61506.build/Objects-normal/x86_64/src.o src.cxx normal x86_64 c++ com.apple.compilers.llvm.clang.1_0.compiler
(1 failure)

Source file was:

                #include <sched.h>
                int main() {
                  cpu_set_t cpumask;
                  sched_setaffinity( 0, &cpumask );
                  return 0;
                }
Determining if the function gethostbyname exists in the nsl failed with the following output:
Change Dir: /WorkSpace/osg-ios/OpenSceneGraph/build/CMakeFiles/CMakeTmp

Run Build Command:"/usr/bin/xcodebuild" "-project" "CMAKE_TRY_COMPILE.xcodeproj" "build" "-target" "cmTC_a98e5" "-configuration" "Debug"
=== BUILD TARGET cmTC_a98e5 OF PROJECT CMAKE_TRY_COMPILE WITH CONFIGURATION Debug ===

Check dependencies
2018-05-15 16:49:38.228 xcodebuild[61525:705921]  iPhoneConnect: ## Unable to mount developer disk image, (Error Domain=com.apple.dtdevicekit Code=601 "Could not locate device support files." UserInfo={DeviceType=iPhone10,2, NSLocalizedDescription=Could not locate device support files., NSLocalizedRecoverySuggestion=This iPhone 8 Plus (Model A1864, A1897, A1898, A1899) is running iOS 11.4 (15F5077a), which may not be supported by this version of Xcode.}) {
    DeviceType = "iPhone10,2";
    NSLocalizedDescription = "Could not locate device support files.";
    NSLocalizedRecoverySuggestion = "This iPhone 8 Plus (Model A1864, A1897, A1898, A1899) is running iOS 11.4 (15F5077a), which may not be supported by this version of Xcode.";
}
2018-05-15 16:49:38.257 xcodebuild[61525:705892]  iPhoneConnect: ## Unable to mount developer disk image, (Error Domain=com.apple.dtdevicekit Code=601 "Could not locate device support files." UserInfo={DeviceType=iPhone10,2, NSLocalizedDescription=Could not locate device support files., NSLocalizedRecoverySuggestion=This iPhone 8 Plus (Model A1864, A1897, A1898, A1899) is running iOS 11.4 (15F5077a), which may not be supported by this version of Xcode.}) {
    DeviceType = "iPhone10,2";
    NSLocalizedDescription = "Could not locate device support files.";
    NSLocalizedRecoverySuggestion = "This iPhone 8 Plus (Model A1864, A1897, A1898, A1899) is running iOS 11.4 (15F5077a), which may not be supported by this version of Xcode.";
}

Write auxiliary files
/bin/mkdir -p /WorkSpace/osg-ios/OpenSceneGraph/build/CMakeFiles/CMakeTmp/CMAKE_TRY_COMPILE.build/Debug/cmTC_a98e5.build/Objects-normal/x86_64
write-file /WorkSpace/osg-ios/OpenSceneGraph/build/CMakeFiles/CMakeTmp/CMAKE_TRY_COMPILE.build/Debug/cmTC_a98e5.build/Objects-normal/x86_64/cmTC_a98e5.LinkFileList

CompileC CMAKE_TRY_COMPILE.build/Debug/cmTC_a98e5.build/Objects-normal/x86_64/CheckFunctionExists.o /Applications/CMake.app/Contents/share/cmake-3.6/Modules/CheckFunctionExists.c normal x86_64 c com.apple.compilers.llvm.clang.1_0.compiler
    cd /WorkSpace/osg-ios/OpenSceneGraph/build/CMakeFiles/CMakeTmp
    export LANG=en_US.US-ASCII
    /Applications/Xcode.app/Contents/Developer/Toolchains/XcodeDefault.xctoolchain/usr/bin/clang -x c -arch x86_64 -fmessage-length=0 -fdiagnostics-show-note-include-stack -fmacro-backtrace-limit=0 -Wno-trigraphs -fpascal-strings -O0 -Wno-missing-field-initializers -Wno-missing-prototypes -Wno-return-type -Wno-missing-braces -Wparentheses -Wswitch -Wno-unused-function -Wno-unused-label -Wno-unused-parameter -Wno-unused-variable -Wunused-value -Wno-empty-body -Wno-uninitialized -Wno-unknown-pragmas -Wno-shadow -Wno-four-char-constants -Wno-conversion -Wno-constant-conversion -Wno-int-conversion -Wno-bool-conversion -Wno-enum-conversion -Wno-float-conversion -Wno-non-literal-null-conversion -Wno-objc-literal-conversion -Wno-shorten-64-to-32 -Wpointer-sign -Wno-newline-eof -DCMAKE_INTDIR=\"Debug\" -isysroot /Applications/Xcode.app/Contents/Developer/Platforms/MacOSX.platform/Developer/SDKs/MacOSX10.13.sdk -fasm-blocks -fstrict-aliasing -Wdeprecated-declarations -mmacosx-version-min=10.8 -g -Wno-sign-conversion -Wno-infinite-recursion -Wno-comma -Wno-block-capture-autoreleasing -Wno-strict-prototypes -I/WorkSpace/osg-ios/OpenSceneGraph/build/CMakeFiles/CMakeTmp/Debug/include -I/WorkSpace/osg-ios/OpenSceneGraph/build/CMakeFiles/CMakeTmp/CMAKE_TRY_COMPILE.build/Debug/cmTC_a98e5.build/DerivedSources/x86_64 -I/WorkSpace/osg-ios/OpenSceneGraph/build/CMakeFiles/CMakeTmp/CMAKE_TRY_COMPILE.build/Debug/cmTC_a98e5.build/DerivedSources -Wmost -Wno-four-char-constants -Wno-unknown-pragmas -F/WorkSpace/osg-ios/OpenSceneGraph/build/CMakeFiles/CMakeTmp/Debug -DCHECK_FUNCTION_EXISTS=gethostbyname -MMD -MT dependencies -MF /WorkSpace/osg-ios/OpenSceneGraph/build/CMakeFiles/CMakeTmp/CMAKE_TRY_COMPILE.build/Debug/cmTC_a98e5.build/Objects-normal/x86_64/CheckFunctionExists.d --serialize-diagnostics /WorkSpace/osg-ios/OpenSceneGraph/build/CMakeFiles/CMakeTmp/CMAKE_TRY_COMPILE.build/Debug/cmTC_a98e5.build/Objects-normal/x86_64/CheckFunctionExists.dia -c /Applications/CMake.app/Contents/share/cmake-3.6/Modules/CheckFunctionExists.c -o /WorkSpace/osg-ios/OpenSceneGraph/build/CMakeFiles/CMakeTmp/CMAKE_TRY_COMPILE.build/Debug/cmTC_a98e5.build/Objects-normal/x86_64/CheckFunctionExists.o

Ld Debug/cmTC_a98e5 normal x86_64
    cd /WorkSpace/osg-ios/OpenSceneGraph/build/CMakeFiles/CMakeTmp
    export MACOSX_DEPLOYMENT_TARGET=10.8
    /Applications/Xcode.app/Contents/Developer/Toolchains/XcodeDefault.xctoolchain/usr/bin/clang -arch x86_64 -isysroot /Applications/Xcode.app/Contents/Developer/Platforms/MacOSX.platform/Developer/SDKs/MacOSX10.13.sdk -L/WorkSpace/osg-ios/OpenSceneGraph/build/CMakeFiles/CMakeTmp/Debug -F/WorkSpace/osg-ios/OpenSceneGraph/build/CMakeFiles/CMakeTmp/Debug -filelist /WorkSpace/osg-ios/OpenSceneGraph/build/CMakeFiles/CMakeTmp/CMAKE_TRY_COMPILE.build/Debug/cmTC_a98e5.build/Objects-normal/x86_64/cmTC_a98e5.LinkFileList -mmacosx-version-min=10.8 -Xlinker -object_path_lto -Xlinker /WorkSpace/osg-ios/OpenSceneGraph/build/CMakeFiles/CMakeTmp/CMAKE_TRY_COMPILE.build/Debug/cmTC_a98e5.build/Objects-normal/x86_64/cmTC_a98e5_lto.o -Xlinker -no_deduplicate -Wl,-search_paths_first -Wl,-headerpad_max_install_names -lnsl -Xlinker -dependency_info -Xlinker /WorkSpace/osg-ios/OpenSceneGraph/build/CMakeFiles/CMakeTmp/CMAKE_TRY_COMPILE.build/Debug/cmTC_a98e5.build/Objects-normal/x86_64/cmTC_a98e5_dependency_info.dat -o /WorkSpace/osg-ios/OpenSceneGraph/build/CMakeFiles/CMakeTmp/Debug/cmTC_a98e5
ld: library not found for -lnsl
clang: error: linker command failed with exit code 1 (use -v to see invocation)

** BUILD FAILED **


The following build commands failed:
	Ld Debug/cmTC_a98e5 normal x86_64
(1 failure)


Determining if the function socket exists in the socket failed with the following output:
Change Dir: /WorkSpace/osg-ios/OpenSceneGraph/build/CMakeFiles/CMakeTmp

Run Build Command:"/usr/bin/xcodebuild" "-project" "CMAKE_TRY_COMPILE.xcodeproj" "build" "-target" "cmTC_7ac98" "-configuration" "Debug"
=== BUILD TARGET cmTC_7ac98 OF PROJECT CMAKE_TRY_COMPILE WITH CONFIGURATION Debug ===

Check dependencies
2018-05-15 16:49:39.168 xcodebuild[61540:706043]  iPhoneConnect: ## Unable to mount developer disk image, (Error Domain=com.apple.dtdevicekit Code=601 "Could not locate device support files." UserInfo={DeviceType=iPhone10,2, NSLocalizedDescription=Could not locate device support files., NSLocalizedRecoverySuggestion=This iPhone 8 Plus (Model A1864, A1897, A1898, A1899) is running iOS 11.4 (15F5077a), which may not be supported by this version of Xcode.}) {
    DeviceType = "iPhone10,2";
    NSLocalizedDescription = "Could not locate device support files.";
    NSLocalizedRecoverySuggestion = "This iPhone 8 Plus (Model A1864, A1897, A1898, A1899) is running iOS 11.4 (15F5077a), which may not be supported by this version of Xcode.";
}
2018-05-15 16:49:39.203 xcodebuild[61540:706017]  iPhoneConnect: ## Unable to mount developer disk image, (Error Domain=com.apple.dtdevicekit Code=601 "Could not locate device support files." UserInfo={DeviceType=iPhone10,2, NSLocalizedDescription=Could not locate device support files., NSLocalizedRecoverySuggestion=This iPhone 8 Plus (Model A1864, A1897, A1898, A1899) is running iOS 11.4 (15F5077a), which may not be supported by this version of Xcode.}) {
    DeviceType = "iPhone10,2";
    NSLocalizedDescription = "Could not locate device support files.";
    NSLocalizedRecoverySuggestion = "This iPhone 8 Plus (Model A1864, A1897, A1898, A1899) is running iOS 11.4 (15F5077a), which may not be supported by this version of Xcode.";
}

Write auxiliary files
/bin/mkdir -p /WorkSpace/osg-ios/OpenSceneGraph/build/CMakeFiles/CMakeTmp/CMAKE_TRY_COMPILE.build/Debug/cmTC_7ac98.build/Objects-normal/x86_64
write-file /WorkSpace/osg-ios/OpenSceneGraph/build/CMakeFiles/CMakeTmp/CMAKE_TRY_COMPILE.build/Debug/cmTC_7ac98.build/Objects-normal/x86_64/cmTC_7ac98.LinkFileList

CompileC CMAKE_TRY_COMPILE.build/Debug/cmTC_7ac98.build/Objects-normal/x86_64/CheckFunctionExists.o /Applications/CMake.app/Contents/share/cmake-3.6/Modules/CheckFunctionExists.c normal x86_64 c com.apple.compilers.llvm.clang.1_0.compiler
    cd /WorkSpace/osg-ios/OpenSceneGraph/build/CMakeFiles/CMakeTmp
    export LANG=en_US.US-ASCII
    /Applications/Xcode.app/Contents/Developer/Toolchains/XcodeDefault.xctoolchain/usr/bin/clang -x c -arch x86_64 -fmessage-length=0 -fdiagnostics-show-note-include-stack -fmacro-backtrace-limit=0 -Wno-trigraphs -fpascal-strings -O0 -Wno-missing-field-initializers -Wno-missing-prototypes -Wno-return-type -Wno-missing-braces -Wparentheses -Wswitch -Wno-unused-function -Wno-unused-label -Wno-unused-parameter -Wno-unused-variable -Wunused-value -Wno-empty-body -Wno-uninitialized -Wno-unknown-pragmas -Wno-shadow -Wno-four-char-constants -Wno-conversion -Wno-constant-conversion -Wno-int-conversion -Wno-bool-conversion -Wno-enum-conversion -Wno-float-conversion -Wno-non-literal-null-conversion -Wno-objc-literal-conversion -Wno-shorten-64-to-32 -Wpointer-sign -Wno-newline-eof -DCMAKE_INTDIR=\"Debug\" -isysroot /Applications/Xcode.app/Contents/Developer/Platforms/MacOSX.platform/Developer/SDKs/MacOSX10.13.sdk -fasm-blocks -fstrict-aliasing -Wdeprecated-declarations -mmacosx-version-min=10.8 -g -Wno-sign-conversion -Wno-infinite-recursion -Wno-comma -Wno-block-capture-autoreleasing -Wno-strict-prototypes -I/WorkSpace/osg-ios/OpenSceneGraph/build/CMakeFiles/CMakeTmp/Debug/include -I/WorkSpace/osg-ios/OpenSceneGraph/build/CMakeFiles/CMakeTmp/CMAKE_TRY_COMPILE.build/Debug/cmTC_7ac98.build/DerivedSources/x86_64 -I/WorkSpace/osg-ios/OpenSceneGraph/build/CMakeFiles/CMakeTmp/CMAKE_TRY_COMPILE.build/Debug/cmTC_7ac98.build/DerivedSources -Wmost -Wno-four-char-constants -Wno-unknown-pragmas -F/WorkSpace/osg-ios/OpenSceneGraph/build/CMakeFiles/CMakeTmp/Debug -DCHECK_FUNCTION_EXISTS=socket -MMD -MT dependencies -MF /WorkSpace/osg-ios/OpenSceneGraph/build/CMakeFiles/CMakeTmp/CMAKE_TRY_COMPILE.build/Debug/cmTC_7ac98.build/Objects-normal/x86_64/CheckFunctionExists.d --serialize-diagnostics /WorkSpace/osg-ios/OpenSceneGraph/build/CMakeFiles/CMakeTmp/CMAKE_TRY_COMPILE.build/Debug/cmTC_7ac98.build/Objects-normal/x86_64/CheckFunctionExists.dia -c /Applications/CMake.app/Contents/share/cmake-3.6/Modules/CheckFunctionExists.c -o /WorkSpace/osg-ios/OpenSceneGraph/build/CMakeFiles/CMakeTmp/CMAKE_TRY_COMPILE.build/Debug/cmTC_7ac98.build/Objects-normal/x86_64/CheckFunctionExists.o

Ld Debug/cmTC_7ac98 normal x86_64
    cd /WorkSpace/osg-ios/OpenSceneGraph/build/CMakeFiles/CMakeTmp
    export MACOSX_DEPLOYMENT_TARGET=10.8
    /Applications/Xcode.app/Contents/Developer/Toolchains/XcodeDefault.xctoolchain/usr/bin/clang -arch x86_64 -isysroot /Applications/Xcode.app/Contents/Developer/Platforms/MacOSX.platform/Developer/SDKs/MacOSX10.13.sdk -L/WorkSpace/osg-ios/OpenSceneGraph/build/CMakeFiles/CMakeTmp/Debug -F/WorkSpace/osg-ios/OpenSceneGraph/build/CMakeFiles/CMakeTmp/Debug -filelist /WorkSpace/osg-ios/OpenSceneGraph/build/CMakeFiles/CMakeTmp/CMAKE_TRY_COMPILE.build/Debug/cmTC_7ac98.build/Objects-normal/x86_64/cmTC_7ac98.LinkFileList -mmacosx-version-min=10.8 -Xlinker -object_path_lto -Xlinker /WorkSpace/osg-ios/OpenSceneGraph/build/CMakeFiles/CMakeTmp/CMAKE_TRY_COMPILE.build/Debug/cmTC_7ac98.build/Objects-normal/x86_64/cmTC_7ac98_lto.o -Xlinker -no_deduplicate -Wl,-search_paths_first -Wl,-headerpad_max_install_names -lsocket -Xlinker -dependency_info -Xlinker /WorkSpace/osg-ios/OpenSceneGraph/build/CMakeFiles/CMakeTmp/CMAKE_TRY_COMPILE.build/Debug/cmTC_7ac98.build/Objects-normal/x86_64/cmTC_7ac98_dependency_info.dat -o /WorkSpace/osg-ios/OpenSceneGraph/build/CMakeFiles/CMakeTmp/Debug/cmTC_7ac98
ld: library not found for -lsocket
clang: error: linker command failed with exit code 1 (use -v to see invocation)

** BUILD FAILED **


The following build commands failed:
	Ld Debug/cmTC_7ac98 normal x86_64
(1 failure)


